<?xml version="1.0" encoding="UTF-8"?>
<testsuite name="tests.RestTests" tests="1" skipped="0" failures="1" errors="0" timestamp="2017-12-12T13:09:03" hostname="uasso-PC" time="5.725">
  <properties/>
  <testcase name="testCreateIssue" classname="tests.RestTests" time="5.725">
    <failure message="java.lang.AssertionError: Sets differ: expected [model.Issue@2b9b1b47, model.Issue@56cf0f60, model.Issue@ac9df4a4, model.Issue@4d1f9c0, model.Issue@a6e1ccb9, model.Issue@c6908d5c, model.Issue@b19cd270, model.Issue@1128ea69, model.Issue@9d2f66c7, model.Issue@547cd471, model.Issue@c361e826, model.Issue@d7e7697d, model.Issue@d7e76d3e, model.Issue@d7e770ff, model.Issue@d7e774c0, model.Issue@d7e77881, model.Issue@d7e77c42, model.Issue@6a163aa9, model.Issue@6c8b7ca, model.Issue@6a163e6a] but got [model.Issue@2b9b1b47, model.Issue@56cf0f60, model.Issue@ac9df4a4, model.Issue@4d1f9c0, model.Issue@a6e1ccb9, model.Issue@c6908d5c, model.Issue@b19cd270, model.Issue@1128ea69, model.Issue@9d2f66c7, model.Issue@547cd471, model.Issue@c361e826, model.Issue@d7e7697d, model.Issue@d7e76d3e, model.Issue@d7e770ff, model.Issue@d7e774c0, model.Issue@d7e77881, model.Issue@d7e77c42, model.Issue@6a163aa9, model.Issue@6c8b7ca, model.Issue@6a163e6a, model.Issue@6e94694e]" type="java.lang.AssertionError">java.lang.AssertionError: Sets differ: expected [model.Issue@2b9b1b47, model.Issue@56cf0f60, model.Issue@ac9df4a4, model.Issue@4d1f9c0, model.Issue@a6e1ccb9, model.Issue@c6908d5c, model.Issue@b19cd270, model.Issue@1128ea69, model.Issue@9d2f66c7, model.Issue@547cd471, model.Issue@c361e826, model.Issue@d7e7697d, model.Issue@d7e76d3e, model.Issue@d7e770ff, model.Issue@d7e774c0, model.Issue@d7e77881, model.Issue@d7e77c42, model.Issue@6a163aa9, model.Issue@6c8b7ca, model.Issue@6a163e6a] but got [model.Issue@2b9b1b47, model.Issue@56cf0f60, model.Issue@ac9df4a4, model.Issue@4d1f9c0, model.Issue@a6e1ccb9, model.Issue@c6908d5c, model.Issue@b19cd270, model.Issue@1128ea69, model.Issue@9d2f66c7, model.Issue@547cd471, model.Issue@c361e826, model.Issue@d7e7697d, model.Issue@d7e76d3e, model.Issue@d7e770ff, model.Issue@d7e774c0, model.Issue@d7e77881, model.Issue@d7e77c42, model.Issue@6a163aa9, model.Issue@6c8b7ca, model.Issue@6a163e6a, model.Issue@6e94694e]
	at org.testng.Assert.fail(Assert.java:93)
	at org.testng.Assert.assertEquals(Assert.java:782)
	at org.testng.Assert.assertEquals(Assert.java:760)
	at tests.RestTests.testCreateIssue(RestTests.java:38)
	at sun.reflect.NativeMethodAccessorImpl.invoke0(Native Method)
	at sun.reflect.NativeMethodAccessorImpl.invoke(NativeMethodAccessorImpl.java:62)
	at sun.reflect.DelegatingMethodAccessorImpl.invoke(DelegatingMethodAccessorImpl.java:43)
	at java.lang.reflect.Method.invoke(Method.java:498)
	at org.testng.internal.MethodInvocationHelper.invokeMethod(MethodInvocationHelper.java:108)
	at org.testng.internal.Invoker.invokeMethod(Invoker.java:661)
	at org.testng.internal.Invoker.invokeTestMethod(Invoker.java:869)
	at org.testng.internal.Invoker.invokeTestMethods(Invoker.java:1193)
	at org.testng.internal.TestMethodWorker.invokeTestMethods(TestMethodWorker.java:126)
	at org.testng.internal.TestMethodWorker.run(TestMethodWorker.java:109)
	at org.testng.TestRunner.privateRun(TestRunner.java:744)
	at org.testng.TestRunner.run(TestRunner.java:602)
	at org.testng.SuiteRunner.runTest(SuiteRunner.java:380)
	at org.testng.SuiteRunner.runSequentially(SuiteRunner.java:375)
	at org.testng.SuiteRunner.privateRun(SuiteRunner.java:340)
	at org.testng.SuiteRunner.run(SuiteRunner.java:289)
	at org.testng.SuiteRunnerWorker.runSuite(SuiteRunnerWorker.java:52)
	at org.testng.SuiteRunnerWorker.run(SuiteRunnerWorker.java:86)
	at org.testng.TestNG.runSuitesSequentially(TestNG.java:1301)
	at org.testng.TestNG.runSuitesLocally(TestNG.java:1226)
	at org.testng.TestNG.runSuites(TestNG.java:1144)
	at org.testng.TestNG.run(TestNG.java:1115)
	at org.gradle.api.internal.tasks.testing.testng.TestNGTestClassProcessor.runTests(TestNGTestClassProcessor.java:129)
	at org.gradle.api.internal.tasks.testing.testng.TestNGTestClassProcessor.stop(TestNGTestClassProcessor.java:88)
	at org.gradle.api.internal.tasks.testing.SuiteTestClassProcessor.stop(SuiteTestClassProcessor.java:61)
	at sun.reflect.NativeMethodAccessorImpl.invoke0(Native Method)
	at sun.reflect.NativeMethodAccessorImpl.invoke(NativeMethodAccessorImpl.java:62)
	at sun.reflect.DelegatingMethodAccessorImpl.invoke(DelegatingMethodAccessorImpl.java:43)
	at java.lang.reflect.Method.invoke(Method.java:498)
	at org.gradle.internal.dispatch.ReflectionDispatch.dispatch(ReflectionDispatch.java:35)
	at org.gradle.internal.dispatch.ReflectionDispatch.dispatch(ReflectionDispatch.java:24)
	at org.gradle.internal.dispatch.ContextClassLoaderDispatch.dispatch(ContextClassLoaderDispatch.java:32)
	at org.gradle.internal.dispatch.ProxyDispatchAdapter$DispatchingInvocationHandler.invoke(ProxyDispatchAdapter.java:93)
	at com.sun.proxy.$Proxy1.stop(Unknown Source)
	at org.gradle.api.internal.tasks.testing.worker.TestWorker.stop(TestWorker.java:120)
	at sun.reflect.NativeMethodAccessorImpl.invoke0(Native Method)
	at sun.reflect.NativeMethodAccessorImpl.invoke(NativeMethodAccessorImpl.java:62)
	at sun.reflect.DelegatingMethodAccessorImpl.invoke(DelegatingMethodAccessorImpl.java:43)
	at java.lang.reflect.Method.invoke(Method.java:498)
	at org.gradle.internal.dispatch.ReflectionDispatch.dispatch(ReflectionDispatch.java:35)
	at org.gradle.internal.dispatch.ReflectionDispatch.dispatch(ReflectionDispatch.java:24)
	at org.gradle.internal.remote.internal.hub.MessageHubBackedObjectConnection$DispatchWrapper.dispatch(MessageHubBackedObjectConnection.java:146)
	at org.gradle.internal.remote.internal.hub.MessageHubBackedObjectConnection$DispatchWrapper.dispatch(MessageHubBackedObjectConnection.java:128)
	at org.gradle.internal.remote.internal.hub.MessageHub$Handler.run(MessageHub.java:404)
	at org.gradle.internal.concurrent.ExecutorPolicy$CatchAndRecordFailures.onExecute(ExecutorPolicy.java:63)
	at org.gradle.internal.concurrent.StoppableExecutorImpl$1.run(StoppableExecutorImpl.java:46)
	at java.util.concurrent.ThreadPoolExecutor.runWorker(ThreadPoolExecutor.java:1142)
	at java.util.concurrent.ThreadPoolExecutor$Worker.run(ThreadPoolExecutor.java:617)
	at org.gradle.internal.concurrent.ThreadFactoryImpl$ManagedThreadRunnable.run(ThreadFactoryImpl.java:55)
	at java.lang.Thread.run(Thread.java:745)
</failure>
  </testcase>
  <system-out><![CDATA[]]></system-out>
  <system-err><![CDATA[]]></system-err>
</testsuite>
